  Cleaning remote project directory
  Validating architecture
  Validating sources
  Copying sources remotely to '192.168.1.171'
  Starting remote build
  Compiling sources:
  DS18B20.cpp
  epd4in2.cpp
  epdBcm2835.cpp
  epdWiringPi.cpp
  KS0108.cpp
  Georgia12.cpp
  Liberation_Mono10.cpp
  Liberation_Mono10Bold.cpp
  Liberation_Mono11Bold.cpp
  Liberation_Mono12.cpp
  Liberation_Mono8.cpp
  Liberation_Mono9.cpp
  Liberation_Mono9Bold.cpp
  pugixml.cpp
  main.cpp
  Painter.cpp
  PainterFont.cpp
  ping.cpp
  StatusManager.cpp
  StatusPing.cpp
  Linking objects
  E-LinkStatus.vcxproj -> D:\Source\GitHub\marianob85\E-LinkPaper-DeviceStatus\Cpp\msvc\bin\ARM\Debug\E-LinkStatus.out
